<?xml version="1.0" encoding="utf-8"?><testsuites><testsuite name="pytest" errors="0" failures="0" skipped="0" tests="14" time="0.248" timestamp="2026-04-24T10:26:03.351094" hostname="d97c267390b3"><testcase classname="test_app" name="test_health_endpoint" time="0.014" /><testcase classname="test_app" name="test_get_tasks_empty" time="0.002" /><testcase classname="test_app" name="test_create_task" time="0.002" /><testcase classname="test_app" name="test_create_task_missing_title" time="0.004" /><testcase classname="test_app" name="test_create_task_empty_payload" time="0.002" /><testcase classname="test_app" name="test_get_task_by_id" time="0.004" /><testcase classname="test_app" name="test_get_task_not_found" time="0.003" /><testcase classname="test_app" name="test_update_task" time="0.002" /><testcase classname="test_app" name="test_update_task_not_found" time="0.002" /><testcase classname="test_app" name="test_delete_task" time="0.004" /><testcase classname="test_app" name="test_delete_task_not_found" time="0.002" /><testcase classname="test_app" name="test_info_endpoint" time="0.001" /><testcase classname="test_app" name="test_404_error" time="0.002" /><testcase classname="test_app" name="test_500_error_simulation" time="0.001" /></testsuite></testsuites>